#
# A fatal error has been detected by the Java Runtime Environment:
#
#  EXCEPTION_ACCESS_VIOLATION (0xc0000005) at pc=0x00007ff82082ad61, pid=12424, tid=33636
#
# JRE version: OpenJDK Runtime Environment (11.0.1+3) (build 11.0.0.1+3-5)
# Java VM: OpenJDK 64-Bit Server VM (11.0.0.1+3-5, mixed mode, tiered, compressed oops, g1 gc, windows-amd64)
# Problematic frame:
# V  [jvm.dll+0x61ad61]
#
# No core dump will be written. Minidumps are not enabled by default on client versions of Windows
#
# If you would like to submit a bug report, please visit:
#   http://bugreport.java.com/bugreport/crash.jsp
#

---------------  S U M M A R Y ------------

Command Line: -ea -Didea.test.cyclic.buffer.size=1048576 -javaagent:D:\Java Kit Development\intelliJ\IntelliJ IDEA Educational Edition 2022.2.2\lib\idea_rt.jar=57836:D:\Java Kit Development\intelliJ\IntelliJ IDEA Educational Edition 2022.2.2\bin -Dfile.encoding=UTF-8 com.intellij.rt.junit.JUnitStarter -ideVersion5 -junit5 com.africanb.africanb.utilities.DocumentUtilsTests,testCompareFileSizeToLimitSize

Host: 11th Gen Intel(R) Core(TM) i7-1195G7 @ 2.90GHz, 8 cores, 15G,  Windows 10 , 64 bit Build 22621 (10.0.22621.2070)
Time: Mon Nov 13 10:14:19 2023 Temps universel coordonné elapsed time: 0 seconds (0d 0h 0m 0s)

---------------  T H R E A D  ---------------

Current thread (0x00000261d9698000):  JavaThread "C2 CompilerThread0" daemon [_thread_in_native, id=33636, stack(0x000000c518b00000,0x000000c518c00000)]


Current CompileTask:
C2:    792 1684       4       java.net.URLStreamHandler::parseURL (1201 bytes)

Stack: [0x000000c518b00000,0x000000c518c00000],  sp=0x000000c518bfb180,  free space=1004k
Native frames: (J=compiled Java code, j=interpreted, Vv=VM code, C=native code)
V  [jvm.dll+0x61ad61]
V  [jvm.dll+0x61b279]
V  [jvm.dll+0x19d78a]
V  [jvm.dll+0x66a13f]
V  [jvm.dll+0x668d69]
V  [jvm.dll+0x55362f]
V  [jvm.dll+0x21dd3b]
V  [jvm.dll+0x21b3e6]
V  [jvm.dll+0x198400]
V  [jvm.dll+0x22a4ff]
V  [jvm.dll+0x228b18]
V  [jvm.dll+0x73dc3d]
V  [jvm.dll+0x639e42]
C  [ucrtbase.dll+0x29363]
C  [KERNEL32.DLL+0x126ad]
C  [ntdll.dll+0x5aa68]


siginfo: EXCEPTION_ACCESS_VIOLATION (0xc0000005), writing address 0x000000c518bf2de0


Register to memory mapping:

RIP=0x00007ff82082ad61 jvm.dll
RAX=0x00000261da7cf7b8 points into unknown readable memory
RBX=0x00000261da7305e8 points into unknown readable memory
RCX=0x000000000000012b is an unknown value
RDX=0x00000261da7d0060 points into unknown readable memory
RSP=0x000000c518bfb180 is pointing into the stack for thread: 0x00000261d9698000
RBP=0x000000c518bfb200 is pointing into the stack for thread: 0x00000261d9698000
RSI=0x00000261d971e560 points into unknown readable memory
RDI=0x000000c518bfb940 is pointing into the stack for thread: 0x00000261d9698000
R8 =0x00000261dab46508 points into unknown readable memory
R9 =0x00000261d9cadcb0 points into unknown readable memory
R10=0x0000000000001fff is an unknown value
R11=0x00000261da5a9b80 points into unknown readable memory
R12=0x00000261d969cc08 points into unknown readable memory
R13=0x00000261dab464c0 points into unknown readable memory
R14=0x0000000000000003 is an unknown value
R15=0x000000c518bfc318 is pointing into the stack for thread: 0x00000261d9698000


Registers:
RAX=0x00000261da7cf7b8, RBX=0x00000261da7305e8, RCX=0x000000000000012b, RDX=0x00000261da7d0060
RSP=0x000000c518bfb180, RBP=0x000000c518bfb200, RSI=0x00000261d971e560, RDI=0x000000c518bfb940
R8 =0x00000261dab46508, R9 =0x00000261d9cadcb0, R10=0x0000000000001fff, R11=0x00000261da5a9b80
R12=0x00000261d969cc08, R13=0x00000261dab464c0, R14=0x0000000000000003, R15=0x000000c518bfc318
RIP=0x00007ff82082ad61, EFLAGS=0x0000000000010287

Top of Stack: (sp=0x000000c518bfb180)
0x000000c518bfb180:   0000000000000010 00007ff82055b4c9
0x000000c518bfb190:   00000261da1cd9a0 0000000000000000
0x000000c518bfb1a0:   00000261db349570 00000261d9697070
0x000000c518bfb1b0:   0000000000000004 00000261db349570
0x000000c518bfb1c0:   0000000000000003 0000000000000401
0x000000c518bfb1d0:   0000000000000000 00000261dab46038
0x000000c518bfb1e0:   000000c518bfb940 0000000000000001
0x000000c518bfb1f0:   000000c518bfb940 00000261d969cc08
0x000000c518bfb200:   0000000000000000 00000261dab46038
0x000000c518bfb210:   0000000000000000 00007ff82082b279
0x000000c518bfb220:   0000000000000000 000000c518bfb940
0x000000c518bfb230:   0000000000000002 00007ff820879a77
0x000000c518bfb240:   000000c518bfb940 00007ff8203ad78a
0x000000c518bfb250:   00000261dab46038 00000261d969cc08
0x000000c518bfb260:   0000000000000008 00007ff8208785c9
0x000000c518bfb270:   0000000000000459 0000000000000030 

Instructions: (pc=0x00007ff82082ad61)
0x00007ff82082ad41:   db 0f 84 d5 01 00 00 48 8b 43 10 48 85 c0 0f 84
0x00007ff82082ad51:   c8 01 00 00 48 85 db 74 23 8b 4b 20 48 8d 14 c8
0x00007ff82082ad61:   48 83 ea 08 4c 39 2a 75 f7 8d 41 ff 89 43 20 8b
0x00007ff82082ad71:   c8 48 8b 43 10 48 8b 0c c8 48 89 0a 4d 89 20 4d 



---------------  P R O C E S S  ---------------

Threads class SMR info:
_java_thread_list=0x00000261da193530, length=12, elements={
0x00000261b55eb800, 0x00000261d9675000, 0x00000261d9676000, 0x00000261d9694800,
0x00000261d9695800, 0x00000261d9698000, 0x00000261d9699000, 0x00000261d969b800,
0x00000261d9890000, 0x00000261d9938000, 0x00000261d9939800, 0x00000261d9f8d000
}

Java Threads: ( => current thread )
  0x00000261b55eb800 JavaThread "main" [_thread_in_vm, id=31892, stack(0x000000c518000000,0x000000c518100000)]
  0x00000261d9675000 JavaThread "Reference Handler" daemon [_thread_blocked, id=11448, stack(0x000000c518700000,0x000000c518800000)]
  0x00000261d9676000 JavaThread "Finalizer" daemon [_thread_blocked, id=27140, stack(0x000000c518800000,0x000000c518900000)]
  0x00000261d9694800 JavaThread "Signal Dispatcher" daemon [_thread_blocked, id=26776, stack(0x000000c518900000,0x000000c518a00000)]
  0x00000261d9695800 JavaThread "Attach Listener" daemon [_thread_blocked, id=4440, stack(0x000000c518a00000,0x000000c518b00000)]
=>0x00000261d9698000 JavaThread "C2 CompilerThread0" daemon [_thread_in_native, id=33636, stack(0x000000c518b00000,0x000000c518c00000)]
  0x00000261d9699000 JavaThread "C1 CompilerThread0" daemon [_thread_blocked, id=21892, stack(0x000000c518c00000,0x000000c518d00000)]
  0x00000261d969b800 JavaThread "Sweeper thread" daemon [_thread_blocked, id=28880, stack(0x000000c518d00000,0x000000c518e00000)]
  0x00000261d9890000 JavaThread "Common-Cleaner" daemon [_thread_blocked, id=23860, stack(0x000000c518e00000,0x000000c518f00000)]
  0x00000261d9938000 JavaThread "Monitor Ctrl-Break" daemon [_thread_in_native, id=2520, stack(0x000000c518f00000,0x000000c519000000)]
  0x00000261d9939800 JavaThread "Service Thread" daemon [_thread_blocked, id=24776, stack(0x000000c519000000,0x000000c519100000)]
  0x00000261d9f8d000 JavaThread "C2 CompilerThread1" daemon [_thread_in_native, id=15588, stack(0x000000c519200000,0x000000c519300000)]

Other Threads:
  0x00000261d964f800 VMThread "VM Thread" [stack: 0x000000c518600000,0x000000c518700000] [id=16908]
  0x00000261d9c87000 WatcherThread [stack: 0x000000c519100000,0x000000c519200000] [id=34268]
  0x00000261b5600800 GCTaskThread "GC Thread#0" [stack: 0x000000c518100000,0x000000c518200000] [id=23316]
  0x00000261daba0800 GCTaskThread "GC Thread#1" [stack: 0x000000c519300000,0x000000c519400000] [id=31644]
  0x00000261da296800 GCTaskThread "GC Thread#2" [stack: 0x000000c519400000,0x000000c519500000] [id=964]
  0x00000261da581800 GCTaskThread "GC Thread#3" [stack: 0x000000c519500000,0x000000c519600000] [id=25788]
  0x00000261da61c000 GCTaskThread "GC Thread#4" [stack: 0x000000c519600000,0x000000c519700000] [id=23876]
  0x00000261da6b4000 GCTaskThread "GC Thread#5" [stack: 0x000000c519700000,0x000000c519800000] [id=360]
  0x00000261b565e000 ConcurrentGCThread "G1 Main Marker" [stack: 0x000000c518200000,0x000000c518300000] [id=25956]
  0x00000261b5661000 ConcurrentGCThread "G1 Conc#0" [stack: 0x000000c518300000,0x000000c518400000] [id=12436]
  0x00000261db092000 ConcurrentGCThread "G1 Conc#1" [stack: 0x000000c519800000,0x000000c519900000] [id=5968]
  0x00000261d8ba2800 ConcurrentGCThread "G1 Refine#0" [stack: 0x000000c518400000,0x000000c518500000] [id=3928]
  0x00000261d8ba5800 ConcurrentGCThread "G1 Young RemSet Sampling" [stack: 0x000000c518500000,0x000000c518600000] [id=14628]

Threads with active compile tasks:
C2 CompilerThread01684       4       java.net.URLStreamHandler::parseURL (1201 bytes)
C2 CompilerThread11720       4       java.lang.invoke.LambdaForm$Name::replaceNames (174 bytes)

VM state:not at safepoint (normal execution)

VM Mutex/Monitor currently owned by a thread: None

Heap address: 0x0000000703e00000, size: 4034 MB, Compressed Oops mode: Zero based, Oop shift amount: 3
Narrow klass base: 0x0000000800000000, Narrow klass shift: 0
Compressed class space size: 1073741824 Address: 0x0000000800000000

Heap:
 garbage-first heap   total 260096K, used 20866K [0x0000000703e00000, 0x0000000800000000)
  region size 1024K, 17 young (17408K), 6 survivors (6144K)
 Metaspace       used 21747K, capacity 22470K, committed 22524K, reserved 1069056K
  class space    used 2475K, capacity 2766K, committed 2812K, reserved 1048576K
Heap Regions: E=young(eden), S=young(survivor), O=old, HS=humongous(starts), HC=humongous(continues), CS=collection set, F=free, A=archive, TAMS=top-at-mark-start (previous, next)
|   0|0x0000000703e00000, 0x0000000703f00000, 0x0000000703f00000|100%|HS|  |TAMS 0x0000000703f00000, 0x0000000703e00000| Complete 
|   1|0x0000000703f00000, 0x0000000704000000, 0x0000000704000000|100%| O|  |TAMS 0x0000000704000000, 0x0000000703f00000| Untracked 
|   2|0x0000000704000000, 0x0000000704100000, 0x0000000704100000|100%| O|  |TAMS 0x0000000704100000, 0x0000000704000000| Untracked 
|   3|0x0000000704100000, 0x0000000704200000, 0x0000000704200000|100%| O|  |TAMS 0x0000000704200000, 0x0000000704100000| Untracked 
|   4|0x0000000704200000, 0x000000070428ce00, 0x0000000704300000| 55%| O|  |TAMS 0x000000070428ce00, 0x0000000704200000| Untracked 
|   5|0x0000000704300000, 0x0000000704300000, 0x0000000704400000|  0%| F|  |TAMS 0x0000000704300000, 0x0000000704300000| Untracked 
|   6|0x0000000704400000, 0x0000000704400000, 0x0000000704500000|  0%| F|  |TAMS 0x0000000704400000, 0x0000000704400000| Untracked 
|   7|0x0000000704500000, 0x0000000704500000, 0x0000000704600000|  0%| F|  |TAMS 0x0000000704500000, 0x0000000704500000| Untracked 
|   8|0x0000000704600000, 0x0000000704600000, 0x0000000704700000|  0%| F|  |TAMS 0x0000000704600000, 0x0000000704600000| Untracked 
|   9|0x0000000704700000, 0x0000000704700000, 0x0000000704800000|  0%| F|  |TAMS 0x0000000704700000, 0x0000000704700000| Untracked 
|  10|0x0000000704800000, 0x0000000704800000, 0x0000000704900000|  0%| F|  |TAMS 0x0000000704800000, 0x0000000704800000| Untracked 
|  11|0x0000000704900000, 0x0000000704900000, 0x0000000704a00000|  0%| F|  |TAMS 0x0000000704900000, 0x0000000704900000| Untracked 
|  12|0x0000000704a00000, 0x0000000704a00000, 0x0000000704b00000|  0%| F|  |TAMS 0x0000000704a00000, 0x0000000704a00000| Untracked 
|  13|0x0000000704b00000, 0x0000000704b00000, 0x0000000704c00000|  0%| F|  |TAMS 0x0000000704b00000, 0x0000000704b00000| Untracked 
|  14|0x0000000704c00000, 0x0000000704c00000, 0x0000000704d00000|  0%| F|  |TAMS 0x0000000704c00000, 0x0000000704c00000| Untracked 
|  15|0x0000000704d00000, 0x0000000704d00000, 0x0000000704e00000|  0%| F|  |TAMS 0x0000000704d00000, 0x0000000704d00000| Untracked 
|  16|0x0000000704e00000, 0x0000000704e00000, 0x0000000704f00000|  0%| F|  |TAMS 0x0000000704e00000, 0x0000000704e00000| Untracked 
|  17|0x0000000704f00000, 0x0000000704f00000, 0x0000000705000000|  0%| F|  |TAMS 0x0000000704f00000, 0x0000000704f00000| Untracked 
|  18|0x0000000705000000, 0x0000000705000000, 0x0000000705100000|  0%| F|  |TAMS 0x0000000705000000, 0x0000000705000000| Untracked 
|  19|0x0000000705100000, 0x0000000705100000, 0x0000000705200000|  0%| F|  |TAMS 0x0000000705100000, 0x0000000705100000| Untracked 
|  20|0x0000000705200000, 0x0000000705200000, 0x0000000705300000|  0%| F|  |TAMS 0x0000000705200000, 0x0000000705200000| Untracked 
|  21|0x0000000705300000, 0x0000000705300000, 0x0000000705400000|  0%| F|  |TAMS 0x0000000705300000, 0x0000000705300000| Untracked 
|  22|0x0000000705400000, 0x0000000705400000, 0x0000000705500000|  0%| F|  |TAMS 0x0000000705400000, 0x0000000705400000| Untracked 
|  23|0x0000000705500000, 0x0000000705500000, 0x0000000705600000|  0%| F|  |TAMS 0x0000000705500000, 0x0000000705500000| Untracked 
|  24|0x0000000705600000, 0x0000000705600000, 0x0000000705700000|  0%| F|  |TAMS 0x0000000705600000, 0x0000000705600000| Untracked 
|  25|0x0000000705700000, 0x0000000705700000, 0x0000000705800000|  0%| F|  |TAMS 0x0000000705700000, 0x0000000705700000| Untracked 
|  26|0x0000000705800000, 0x0000000705800000, 0x0000000705900000|  0%| F|  |TAMS 0x0000000705800000, 0x0000000705800000| Untracked 
|  27|0x0000000705900000, 0x0000000705900000, 0x0000000705a00000|  0%| F|  |TAMS 0x0000000705900000, 0x0000000705900000| Untracked 
|  28|0x0000000705a00000, 0x0000000705a00000, 0x0000000705b00000|  0%| F|  |TAMS 0x0000000705a00000, 0x0000000705a00000| Untracked 
|  29|0x0000000705b00000, 0x0000000705b00000, 0x0000000705c00000|  0%| F|  |TAMS 0x0000000705b00000, 0x0000000705b00000| Untracked 
|  30|0x0000000705c00000, 0x0000000705c00000, 0x0000000705d00000|  0%| F|  |TAMS 0x0000000705c00000, 0x0000000705c00000| Untracked 
|  31|0x0000000705d00000, 0x0000000705d00000, 0x0000000705e00000|  0%| F|  |TAMS 0x0000000705d00000, 0x0000000705d00000| Untracked 
|  32|0x0000000705e00000, 0x0000000705e00000, 0x0000000705f00000|  0%| F|  |TAMS 0x0000000705e00000, 0x0000000705e00000| Untracked 
|  33|0x0000000705f00000, 0x0000000705f00000, 0x0000000706000000|  0%| F|  |TAMS 0x0000000705f00000, 0x0000000705f00000| Untracked 
|  34|0x0000000706000000, 0x0000000706000000, 0x0000000706100000|  0%| F|  |TAMS 0x0000000706000000, 0x0000000706000000| Untracked 
|  35|0x0000000706100000, 0x0000000706100000, 0x0000000706200000|  0%| F|  |TAMS 0x0000000706100000, 0x0000000706100000| Untracked 
|  36|0x0000000706200000, 0x0000000706200000, 0x0000000706300000|  0%| F|  |TAMS 0x0000000706200000, 0x0000000706200000| Untracked 
|  37|0x0000000706300000, 0x0000000706300000, 0x0000000706400000|  0%| F|  |TAMS 0x0000000706300000, 0x0000000706300000| Untracked 
|  38|0x0000000706400000, 0x0000000706400000, 0x0000000706500000|  0%| F|  |TAMS 0x0000000706400000, 0x0000000706400000| Untracked 
|  39|0x0000000706500000, 0x0000000706500000, 0x0000000706600000|  0%| F|  |TAMS 0x0000000706500000, 0x0000000706500000| Untracked 
|  40|0x0000000706600000, 0x0000000706600000, 0x0000000706700000|  0%| F|  |TAMS 0x0000000706600000, 0x0000000706600000| Untracked 
|  41|0x0000000706700000, 0x0000000706700000, 0x0000000706800000|  0%| F|  |TAMS 0x0000000706700000, 0x0000000706700000| Untracked 
|  42|0x0000000706800000, 0x0000000706800000, 0x0000000706900000|  0%| F|  |TAMS 0x0000000706800000, 0x0000000706800000| Untracked 
|  43|0x0000000706900000, 0x0000000706900000, 0x0000000706a00000|  0%| F|  |TAMS 0x0000000706900000, 0x0000000706900000| Untracked 
|  44|0x0000000706a00000, 0x0000000706a00000, 0x0000000706b00000|  0%| F|  |TAMS 0x0000000706a00000, 0x0000000706a00000| Untracked 
|  45|0x0000000706b00000, 0x0000000706b00000, 0x0000000706c00000|  0%| F|  |TAMS 0x0000000706b00000, 0x0000000706b00000| Untracked 
|  46|0x0000000706c00000, 0x0000000706c00000, 0x0000000706d00000|  0%| F|  |TAMS 0x0000000706c00000, 0x0000000706c00000| Untracked 
|  47|0x0000000706d00000, 0x0000000706d00000, 0x0000000706e00000|  0%| F|  |TAMS 0x0000000706d00000, 0x0000000706d00000| Untracked 
|  48|0x0000000706e00000, 0x0000000706e00000, 0x0000000706f00000|  0%| F|  |TAMS 0x0000000706e00000, 0x0000000706e00000| Untracked 
|  49|0x0000000706f00000, 0x0000000706f00000, 0x0000000707000000|  0%| F|  |TAMS 0x0000000706f00000, 0x0000000706f00000| Untracked 
|  50|0x0000000707000000, 0x0000000707000000, 0x0000000707100000|  0%| F|  |TAMS 0x0000000707000000, 0x0000000707000000| Untracked 
|  51|0x0000000707100000, 0x0000000707100000, 0x0000000707200000|  0%| F|  |TAMS 0x0000000707100000, 0x0000000707100000| Untracked 
|  52|0x0000000707200000, 0x0000000707200000, 0x0000000707300000|  0%| F|  |TAMS 0x0000000707200000, 0x0000000707200000| Untracked 
|  53|0x0000000707300000, 0x0000000707300000, 0x0000000707400000|  0%| F|  |TAMS 0x0000000707300000, 0x0000000707300000| Untracked 
|  54|0x0000000707400000, 0x0000000707400000, 0x0000000707500000|  0%| F|  |TAMS 0x0000000707400000, 0x0000000707400000| Untracked 
|  55|0x0000000707500000, 0x0000000707500000, 0x0000000707600000|  0%| F|  |TAMS 0x0000000707500000, 0x0000000707500000| Untracked 
|  56|0x0000000707600000, 0x0000000707600000, 0x0000000707700000|  0%| F|  |TAMS 0x0000000707600000, 0x0000000707600000| Untracked 
|  57|0x0000000707700000, 0x0000000707700000, 0x0000000707800000|  0%| F|  |TAMS 0x0000000707700000, 0x0000000707700000| Untracked 
|  58|0x0000000707800000, 0x0000000707800000, 0x0000000707900000|  0%| F|  |TAMS 0x0000000707800000, 0x0000000707800000| Untracked 
|  59|0x0000000707900000, 0x0000000707900000, 0x0000000707a00000|  0%| F|  |TAMS 0x0000000707900000, 0x0000000707900000| Untracked 
|  60|0x0000000707a00000, 0x0000000707a00000, 0x0000000707b00000|  0%| F|  |TAMS 0x0000000707a00000, 0x0000000707a00000| Untracked 
|  61|0x0000000707b00000, 0x0000000707b00000, 0x0000000707c00000|  0%| F|  |TAMS 0x0000000707b00000, 0x0000000707b00000| Untracked 
|  62|0x0000000707c00000, 0x0000000707c00000, 0x0000000707d00000|  0%| F|  |TAMS 0x0000000707c00000, 0x0000000707c00000| Untracked 
|  63|0x0000000707d00000, 0x0000000707d00000, 0x0000000707e00000|  0%| F|  |TAMS 0x0000000707d00000, 0x0000000707d00000| Untracked 
|  64|0x0000000707e00000, 0x0000000707e00000, 0x0000000707f00000|  0%| F|  |TAMS 0x0000000707e00000, 0x0000000707e00000| Untracked 
|  65|0x0000000707f00000, 0x0000000707f00000, 0x0000000708000000|  0%| F|  |TAMS 0x0000000707f00000, 0x0000000707f00000| Untracked 
|  66|0x0000000708000000, 0x0000000708000000, 0x0000000708100000|  0%| F|  |TAMS 0x0000000708000000, 0x0000000708000000| Untracked 
|  67|0x0000000708100000, 0x0000000708100000, 0x0000000708200000|  0%| F|  |TAMS 0x0000000708100000, 0x0000000708100000| Untracked 
|  68|0x0000000708200000, 0x0000000708200000, 0x0000000708300000|  0%| F|  |TAMS 0x0000000708200000, 0x0000000708200000| Untracked 
|  69|0x0000000708300000, 0x0000000708300000, 0x0000000708400000|  0%| F|  |TAMS 0x0000000708300000, 0x0000000708300000| Untracked 
|  70|0x0000000708400000, 0x0000000708400000, 0x0000000708500000|  0%| F|  |TAMS 0x0000000708400000, 0x0000000708400000| Untracked 
|  71|0x0000000708500000, 0x0000000708500000, 0x0000000708600000|  0%| F|  |TAMS 0x0000000708500000, 0x0000000708500000| Untracked 
|  72|0x0000000708600000, 0x0000000708600000, 0x0000000708700000|  0%| F|  |TAMS 0x0000000708600000, 0x0000000708600000| Untracked 
|  73|0x0000000708700000, 0x0000000708700000, 0x0000000708800000|  0%| F|  |TAMS 0x0000000708700000, 0x0000000708700000| Untracked 
|  74|0x0000000708800000, 0x0000000708800000, 0x0000000708900000|  0%| F|  |TAMS 0x0000000708800000, 0x0000000708800000| Untracked 
|  75|0x0000000708900000, 0x0000000708900000, 0x0000000708a00000|  0%| F|  |TAMS 0x0000000708900000, 0x0000000708900000| Untracked 
|  76|0x0000000708a00000, 0x0000000708a00000, 0x0000000708b00000|  0%| F|  |TAMS 0x0000000708a00000, 0x0000000708a00000| Untracked 
|  77|0x0000000708b00000, 0x0000000708b00000, 0x0000000708c00000|  0%| F|  |TAMS 0x0000000708b00000, 0x0000000708b00000| Untracked 
|  78|0x0000000708c00000, 0x0000000708c00000, 0x0000000708d00000|  0%| F|  |TAMS 0x0000000708c00000, 0x0000000708c00000| Untracked 
|  79|0x0000000708d00000, 0x0000000708d00000, 0x0000000708e00000|  0%| F|  |TAMS 0x0000000708d00000, 0x0000000708d00000| Untracked 
|  80|0x0000000708e00000, 0x0000000708e00000, 0x0000000708f00000|  0%| F|  |TAMS 0x0000000708e00000, 0x0000000708e00000| Untracked 
|  81|0x0000000708f00000, 0x0000000708f00000, 0x0000000709000000|  0%| F|  |TAMS 0x0000000708f00000, 0x0000000708f00000| Untracked 
|  82|0x0000000709000000, 0x0000000709000000, 0x0000000709100000|  0%| F|  |TAMS 0x0000000709000000, 0x0000000709000000| Untracked 
|  83|0x0000000709100000, 0x0000000709100000, 0x0000000709200000|  0%| F|  |TAMS 0x0000000709100000, 0x0000000709100000| Untracked 
|  84|0x0000000709200000, 0x0000000709200000, 0x0000000709300000|  0%| F|  |TAMS 0x0000000709200000, 0x0000000709200000| Untracked 
|  85|0x0000000709300000, 0x0000000709300000, 0x0000000709400000|  0%| F|  |TAMS 0x0000000709300000, 0x0000000709300000| Untracked 
|  86|0x0000000709400000, 0x0000000709400000, 0x0000000709500000|  0%| F|  |TAMS 0x0000000709400000, 0x0000000709400000| Untracked 
|  87|0x0000000709500000, 0x0000000709500000, 0x0000000709600000|  0%| F|  |TAMS 0x0000000709500000, 0x0000000709500000| Untracked 
|  88|0x0000000709600000, 0x0000000709600000, 0x0000000709700000|  0%| F|  |TAMS 0x0000000709600000, 0x0000000709600000| Untracked 
|  89|0x0000000709700000, 0x0000000709700000, 0x0000000709800000|  0%| F|  |TAMS 0x0000000709700000, 0x0000000709700000| Untracked 
|  90|0x0000000709800000, 0x0000000709800000, 0x0000000709900000|  0%| F|  |TAMS 0x0000000709800000, 0x0000000709800000| Untracked 
|  91|0x0000000709900000, 0x0000000709900000, 0x0000000709a00000|  0%| F|  |TAMS 0x0000000709900000, 0x0000000709900000| Untracked 
|  92|0x0000000709a00000, 0x0000000709a00000, 0x0000000709b00000|  0%| F|  |TAMS 0x0000000709a00000, 0x0000000709a00000| Untracked 
|  93|0x0000000709b00000, 0x0000000709b00000, 0x0000000709c00000|  0%| F|  |TAMS 0x0000000709b00000, 0x0000000709b00000| Untracked 
|  94|0x0000000709c00000, 0x0000000709c00000, 0x0000000709d00000|  0%| F|  |TAMS 0x0000000709c00000, 0x0000000709c00000| Untracked 
|  95|0x0000000709d00000, 0x0000000709d00000, 0x0000000709e00000|  0%| F|  |TAMS 0x0000000709d00000, 0x0000000709d00000| Untracked 
|  96|0x0000000709e00000, 0x0000000709e00000, 0x0000000709f00000|  0%| F|  |TAMS 0x0000000709e00000, 0x0000000709e00000| Untracked 
|  97|0x0000000709f00000, 0x0000000709f00000, 0x000000070a000000|  0%| F|  |TAMS 0x0000000709f00000, 0x0000000709f00000| Untracked 
|  98|0x000000070a000000, 0x000000070a000000, 0x000000070a100000|  0%| F|  |TAMS 0x000000070a000000, 0x000000070a000000| Untracked 
|  99|0x000000070a100000, 0x000000070a100000, 0x000000070a200000|  0%| F|  |TAMS 0x000000070a100000, 0x000000070a100000| Untracked 
| 100|0x000000070a200000, 0x000000070a200000, 0x000000070a300000|  0%| F|  |TAMS 0x000000070a200000, 0x000000070a200000| Untracked 
| 101|0x000000070a300000, 0x000000070a300000, 0x000000070a400000|  0%| F|  |TAMS 0x000000070a300000, 0x000000070a300000| Untracked 
| 102|0x000000070a400000, 0x000000070a400000, 0x000000070a500000|  0%| F|  |TAMS 0x000000070a400000, 0x000000070a400000| Untracked 
| 103|0x000000070a500000, 0x000000070a500000, 0x000000070a600000|  0%| F|  |TAMS 0x000000070a500000, 0x000000070a500000| Untracked 
| 104|0x000000070a600000, 0x000000070a600000, 0x000000070a700000|  0%| F|  |TAMS 0x000000070a600000, 0x000000070a600000| Untracked 
| 105|0x000000070a700000, 0x000000070a700000, 0x000000070a800000|  0%| F|  |TAMS 0x000000070a700000, 0x000000070a700000| Untracked 
| 106|0x000000070a800000, 0x000000070a800000, 0x000000070a900000|  0%| F|  |TAMS 0x000000070a800000, 0x000000070a800000| Untracked 
| 107|0x000000070a900000, 0x000000070a900000, 0x000000070aa00000|  0%| F|  |TAMS 0x000000070a900000, 0x000000070a900000| Untracked 
| 108|0x000000070aa00000, 0x000000070aa00000, 0x000000070ab00000|  0%| F|  |TAMS 0x000000070aa00000, 0x000000070aa00000| Untracked 
| 109|0x000000070ab00000, 0x000000070ab00000, 0x000000070ac00000|  0%| F|  |TAMS 0x000000070ab00000, 0x000000070ab00000| Untracked 
| 110|0x000000070ac00000, 0x000000070ac00000, 0x000000070ad00000|  0%| F|  |TAMS 0x000000070ac00000, 0x000000070ac00000| Untracked 
| 111|0x000000070ad00000, 0x000000070ad00000, 0x000000070ae00000|  0%| F|  |TAMS 0x000000070ad00000, 0x000000070ad00000| Untracked 
| 112|0x000000070ae00000, 0x000000070ae00000, 0x000000070af00000|  0%| F|  |TAMS 0x000000070ae00000, 0x000000070ae00000| Untracked 
| 113|0x000000070af00000, 0x000000070af00000, 0x000000070b000000|  0%| F|  |TAMS 0x000000070af00000, 0x000000070af00000| Untracked 
| 114|0x000000070b000000, 0x000000070b000000, 0x000000070b100000|  0%| F|  |TAMS 0x000000070b000000, 0x000000070b000000| Untracked 
| 115|0x000000070b100000, 0x000000070b100000, 0x000000070b200000|  0%| F|  |TAMS 0x000000070b100000, 0x000000070b100000| Untracked 
| 116|0x000000070b200000, 0x000000070b200000, 0x000000070b300000|  0%| F|  |TAMS 0x000000070b200000, 0x000000070b200000| Untracked 
| 117|0x000000070b300000, 0x000000070b300000, 0x000000070b400000|  0%| F|  |TAMS 0x000000070b300000, 0x000000070b300000| Untracked 
| 118|0x000000070b400000, 0x000000070b400000, 0x000000070b500000|  0%| F|  |TAMS 0x000000070b400000, 0x000000070b400000| Untracked 
| 119|0x000000070b500000, 0x000000070b500000, 0x000000070b600000|  0%| F|  |TAMS 0x000000070b500000, 0x000000070b500000| Untracked 
| 120|0x000000070b600000, 0x000000070b600000, 0x000000070b700000|  0%| F|  |TAMS 0x000000070b600000, 0x000000070b600000| Untracked 
| 121|0x000000070b700000, 0x000000070b700000, 0x000000070b800000|  0%| F|  |TAMS 0x000000070b700000, 0x000000070b700000| Untracked 
| 122|0x000000070b800000, 0x000000070b800000, 0x000000070b900000|  0%| F|  |TAMS 0x000000070b800000, 0x000000070b800000| Untracked 
| 123|0x000000070b900000, 0x000000070b900000, 0x000000070ba00000|  0%| F|  |TAMS 0x000000070b900000, 0x000000070b900000| Untracked 
| 124|0x000000070ba00000, 0x000000070ba00000, 0x000000070bb00000|  0%| F|  |TAMS 0x000000070ba00000, 0x000000070ba00000| Untracked 
| 125|0x000000070bb00000, 0x000000070bb00000, 0x000000070bc00000|  0%| F|  |TAMS 0x000000070bb00000, 0x000000070bb00000| Untracked 
| 126|0x000000070bc00000, 0x000000070bc00000, 0x000000070bd00000|  0%| F|  |TAMS 0x000000070bc00000, 0x000000070bc00000| Untracked 
| 127|0x000000070bd00000, 0x000000070bd00000, 0x000000070be00000|  0%| F|  |TAMS 0x000000070bd00000, 0x000000070bd00000| Untracked 
| 128|0x000000070be00000, 0x000000070be00000, 0x000000070bf00000|  0%| F|  |TAMS 0x000000070be00000, 0x000000070be00000| Untracked 
| 129|0x000000070bf00000, 0x000000070bf00000, 0x000000070c000000|  0%| F|  |TAMS 0x000000070bf00000, 0x000000070bf00000| Untracked 
| 130|0x000000070c000000, 0x000000070c000000, 0x000000070c100000|  0%| F|  |TAMS 0x000000070c000000, 0x000000070c000000| Untracked 
| 131|0x000000070c100000, 0x000000070c100000, 0x000000070c200000|  0%| F|  |TAMS 0x000000070c100000, 0x000000070c100000| Untracked 
| 132|0x000000070c200000, 0x000000070c200000, 0x000000070c300000|  0%| F|  |TAMS 0x000000070c200000, 0x000000070c200000| Untracked 
| 133|0x000000070c300000, 0x000000070c300000, 0x000000070c400000|  0%| F|  |TAMS 0x000000070c300000, 0x000000070c300000| Untracked 
| 134|0x000000070c400000, 0x000000070c400000, 0x000000070c500000|  0%| F|  |TAMS 0x000000070c400000, 0x000000070c400000| Untracked 
| 135|0x000000070c500000, 0x000000070c500000, 0x000000070c600000|  0%| F|  |TAMS 0x000000070c500000, 0x000000070c500000| Untracked 
| 136|0x000000070c600000, 0x000000070c600000, 0x000000070c700000|  0%| F|  |TAMS 0x000000070c600000, 0x000000070c600000| Untracked 
| 137|0x000000070c700000, 0x000000070c700000, 0x000000070c800000|  0%| F|  |TAMS 0x000000070c700000, 0x000000070c700000| Untracked 
| 138|0x000000070c800000, 0x000000070c800000, 0x000000070c900000|  0%| F|  |TAMS 0x000000070c800000, 0x000000070c800000| Untracked 
| 139|0x000000070c900000, 0x000000070c900000, 0x000000070ca00000|  0%| F|  |TAMS 0x000000070c900000, 0x000000070c900000| Untracked 
| 140|0x000000070ca00000, 0x000000070ca00000, 0x000000070cb00000|  0%| F|  |TAMS 0x000000070ca00000, 0x000000070ca00000| Untracked 
| 141|0x000000070cb00000, 0x000000070cb00000, 0x000000070cc00000|  0%| F|  |TAMS 0x000000070cb00000, 0x000000070cb00000| Untracked 
| 142|0x000000070cc00000, 0x000000070cc00000, 0x000000070cd00000|  0%| F|  |TAMS 0x000000070cc00000, 0x000000070cc00000| Untracked 
| 143|0x000000070cd00000, 0x000000070cd00000, 0x000000070ce00000|  0%| F|  |TAMS 0x000000070cd00000, 0x000000070cd00000| Untracked 
| 144|0x000000070ce00000, 0x000000070ce00000, 0x000000070cf00000|  0%| F|  |TAMS 0x000000070ce00000, 0x000000070ce00000| Untracked 
| 145|0x000000070cf00000, 0x000000070cf00000, 0x000000070d000000|  0%| F|  |TAMS 0x000000070cf00000, 0x000000070cf00000| Untracked 
| 146|0x000000070d000000, 0x000000070d000000, 0x000000070d100000|  0%| F|  |TAMS 0x000000070d000000, 0x000000070d000000| Untracked 
| 147|0x000000070d100000, 0x000000070d100000, 0x000000070d200000|  0%| F|  |TAMS 0x000000070d100000, 0x000000070d100000| Untracked 
| 148|0x000000070d200000, 0x000000070d200000, 0x000000070d300000|  0%| F|  |TAMS 0x000000070d200000, 0x000000070d200000| Untracked 
| 149|0x000000070d300000, 0x000000070d300000, 0x000000070d400000|  0%| F|  |TAMS 0x000000070d300000, 0x000000070d300000| Untracked 
| 150|0x000000070d400000, 0x000000070d400000, 0x000000070d500000|  0%| F|  |TAMS 0x000000070d400000, 0x000000070d400000| Untracked 
| 151|0x000000070d500000, 0x000000070d500000, 0x000000070d600000|  0%| F|  |TAMS 0x000000070d500000, 0x000000070d500000| Untracked 
| 152|0x000000070d600000, 0x000000070d600000, 0x000000070d700000|  0%| F|  |TAMS 0x000000070d600000, 0x000000070d600000| Untracked 
| 153|0x000000070d700000, 0x000000070d700000, 0x000000070d800000|  0%| F|  |TAMS 0x000000070d700000, 0x000000070d700000| Untracked 
| 154|0x000000070d800000, 0x000000070d800000, 0x000000070d900000|  0%| F|  |TAMS 0x000000070d800000, 0x000000070d800000| Untracked 
| 155|0x000000070d900000, 0x000000070d900000, 0x000000070da00000|  0%| F|  |TAMS 0x000000070d900000, 0x000000070d900000| Untracked 
| 156|0x000000070da00000, 0x000000070da00000, 0x000000070db00000|  0%| F|  |TAMS 0x000000070da00000, 0x000000070da00000| Untracked 
| 157|0x000000070db00000, 0x000000070db00000, 0x000000070dc00000|  0%| F|  |TAMS 0x000000070db00000, 0x000000070db00000| Untracked 
| 158|0x000000070dc00000, 0x000000070dc00000, 0x000000070dd00000|  0%| F|  |TAMS 0x000000070dc00000, 0x000000070dc00000| Untracked 
| 159|0x000000070dd00000, 0x000000070dd00000, 0x000000070de00000|  0%| F|  |TAMS 0x000000070dd00000, 0x000000070dd00000| Untracked 
| 160|0x000000070de00000, 0x000000070de00000, 0x000000070df00000|  0%| F|  |TAMS 0x000000070de00000, 0x000000070de00000| Untracked 
| 161|0x000000070df00000, 0x000000070df00000, 0x000000070e000000|  0%| F|  |TAMS 0x000000070df00000, 0x000000070df00000| Untracked 
| 162|0x000000070e000000, 0x000000070e000000, 0x000000070e100000|  0%| F|  |TAMS 0x000000070e000000, 0x000000070e000000| Untracked 
| 163|0x000000070e100000, 0x000000070e100000, 0x000000070e200000|  0%| F|  |TAMS 0x000000070e100000, 0x000000070e100000| Untracked 
| 164|0x000000070e200000, 0x000000070e200000, 0x000000070e300000|  0%| F|  |TAMS 0x000000070e200000, 0x000000070e200000| Untracked 
| 165|0x000000070e300000, 0x000000070e300000, 0x000000070e400000|  0%| F|  |TAMS 0x000000070e300000, 0x000000070e300000| Untracked 
| 166|0x000000070e400000, 0x000000070e400000, 0x000000070e500000|  0%| F|  |TAMS 0x000000070e400000, 0x000000070e400000| Untracked 
| 167|0x000000070e500000, 0x000000070e500000, 0x000000070e600000|  0%| F|  |TAMS 0x000000070e500000, 0x000000070e500000| Untracked 
| 168|0x000000070e600000, 0x000000070e600000, 0x000000070e700000|  0%| F|  |TAMS 0x000000070e600000, 0x000000070e600000| Untracked 
| 169|0x000000070e700000, 0x000000070e700000, 0x000000070e800000|  0%| F|  |TAMS 0x000000070e700000, 0x000000070e700000| Untracked 
| 170|0x000000070e800000, 0x000000070e800000, 0x000000070e900000|  0%| F|  |TAMS 0x000000070e800000, 0x000000070e800000| Untracked 
| 171|0x000000070e900000, 0x000000070e900000, 0x000000070ea00000|  0%| F|  |TAMS 0x000000070e900000, 0x000000070e900000| Untracked 
| 172|0x000000070ea00000, 0x000000070ea00000, 0x000000070eb00000|  0%| F|  |TAMS 0x000000070ea00000, 0x000000070ea00000| Untracked 
| 173|0x000000070eb00000, 0x000000070eb00000, 0x000000070ec00000|  0%| F|  |TAMS 0x000000070eb00000, 0x000000070eb00000| Untracked 
| 174|0x000000070ec00000, 0x000000070ec00000, 0x000000070ed00000|  0%| F|  |TAMS 0x000000070ec00000, 0x000000070ec00000| Untracked 
| 175|0x000000070ed00000, 0x000000070ed00000, 0x000000070ee00000|  0%| F|  |TAMS 0x000000070ed00000, 0x000000070ed00000| Untracked 
| 176|0x000000070ee00000, 0x000000070ee00000, 0x000000070ef00000|  0%| F|  |TAMS 0x000000070ee00000, 0x000000070ee00000| Untracked 
| 177|0x000000070ef00000, 0x000000070ef00000, 0x000000070f000000|  0%| F|  |TAMS 0x000000070ef00000, 0x000000070ef00000| Untracked 
| 178|0x000000070f000000, 0x000000070f000000, 0x000000070f100000|  0%| F|  |TAMS 0x000000070f000000, 0x000000070f000000| Untracked 
| 179|0x000000070f100000, 0x000000070f100000, 0x000000070f200000|  0%| F|  |TAMS 0x000000070f100000, 0x000000070f100000| Untracked 
| 180|0x000000070f200000, 0x000000070f200000, 0x000000070f300000|  0%| F|  |TAMS 0x000000070f200000, 0x000000070f200000| Untracked 
| 181|0x000000070f300000, 0x000000070f300000, 0x000000070f400000|  0%| F|  |TAMS 0x000000070f300000, 0x000000070f300000| Untracked 
| 182|0x000000070f400000, 0x000000070f400000, 0x000000070f500000|  0%| F|  |TAMS 0x000000070f400000, 0x000000070f400000| Untracked 
| 183|0x000000070f500000, 0x000000070f500000, 0x000000070f600000|  0%| F|  |TAMS 0x000000070f500000, 0x000000070f500000| Untracked 
| 184|0x000000070f600000, 0x000000070f600000, 0x000000070f700000|  0%| F|  |TAMS 0x000000070f600000, 0x000000070f600000| Untracked 
| 185|0x000000070f700000, 0x000000070f700000, 0x000000070f800000|  0%| F|  |TAMS 0x000000070f700000, 0x000000070f700000| Untracked 
| 186|0x000000070f800000, 0x000000070f800000, 0x000000070f900000|  0%| F|  |TAMS 0x000000070f800000, 0x000000070f800000| Untracked 
| 187|0x000000070f900000, 0x000000070f900000, 0x000000070fa00000|  0%| F|  |TAMS 0x000000070f900000, 0x000000070f900000| Untracked 
| 188|0x000000070fa00000, 0x000000070fa00000, 0x000000070fb00000|  0%| F|  |TAMS 0x000000070fa00000, 0x000000070fa00000| Untracked 
| 189|0x000000070fb00000, 0x000000070fb00000, 0x000000070fc00000|  0%| F|  |TAMS 0x000000070fb00000, 0x000000070fb00000| Untracked 
| 190|0x000000070fc00000, 0x000000070fc00000, 0x000000070fd00000|  0%| F|  |TAMS 0x000000070fc00000, 0x000000070fc00000| Untracked 
| 191|0x000000070fd00000, 0x000000070fd00000, 0x000000070fe00000|  0%| F|  |TAMS 0x000000070fd00000, 0x000000070fd00000| Untracked 
| 192|0x000000070fe00000, 0x000000070fe00000, 0x000000070ff00000|  0%| F|  |TAMS 0x000000070fe00000, 0x000000070fe00000| Untracked 
| 193|0x000000070ff00000, 0x000000070ffd3bf0, 0x0000000710000000| 82%| S|CS|TAMS 0x000000070ff00000, 0x000000070ff00000| Complete 
| 194|0x0000000710000000, 0x0000000710100000, 0x0000000710100000|100%| S|CS|TAMS 0x0000000710000000, 0x0000000710000000| Complete 
| 195|0x0000000710100000, 0x0000000710200000, 0x0000000710200000|100%| S|CS|TAMS 0x0000000710100000, 0x0000000710100000| Complete 
| 196|0x0000000710200000, 0x0000000710300000, 0x0000000710300000|100%| S|CS|TAMS 0x0000000710200000, 0x0000000710200000| Complete 
| 197|0x0000000710300000, 0x0000000710400000, 0x0000000710400000|100%| S|CS|TAMS 0x0000000710300000, 0x0000000710300000| Complete 
| 198|0x0000000710400000, 0x0000000710500000, 0x0000000710500000|100%| S|CS|TAMS 0x0000000710400000, 0x0000000710400000| Complete 
| 199|0x0000000710500000, 0x0000000710500000, 0x0000000710600000|  0%| F|  |TAMS 0x0000000710500000, 0x0000000710500000| Untracked 
| 200|0x0000000710600000, 0x0000000710600000, 0x0000000710700000|  0%| F|  |TAMS 0x0000000710600000, 0x0000000710600000| Untracked 
| 201|0x0000000710700000, 0x0000000710700000, 0x0000000710800000|  0%| F|  |TAMS 0x0000000710700000, 0x0000000710700000| Untracked 
| 202|0x0000000710800000, 0x0000000710800000, 0x0000000710900000|  0%| F|  |TAMS 0x0000000710800000, 0x0000000710800000| Untracked 
| 203|0x0000000710900000, 0x0000000710900000, 0x0000000710a00000|  0%| F|  |TAMS 0x0000000710900000, 0x0000000710900000| Untracked 
| 204|0x0000000710a00000, 0x0000000710a00000, 0x0000000710b00000|  0%| F|  |TAMS 0x0000000710a00000, 0x0000000710a00000| Untracked 
| 205|0x0000000710b00000, 0x0000000710b00000, 0x0000000710c00000|  0%| F|  |TAMS 0x0000000710b00000, 0x0000000710b00000| Untracked 
| 206|0x0000000710c00000, 0x0000000710c00000, 0x0000000710d00000|  0%| F|  |TAMS 0x0000000710c00000, 0x0000000710c00000| Untracked 
| 207|0x0000000710d00000, 0x0000000710d00000, 0x0000000710e00000|  0%| F|  |TAMS 0x0000000710d00000, 0x0000000710d00000| Untracked 
| 208|0x0000000710e00000, 0x0000000710e00000, 0x0000000710f00000|  0%| F|  |TAMS 0x0000000710e00000, 0x0000000710e00000| Untracked 
| 209|0x0000000710f00000, 0x0000000710f00000, 0x0000000711000000|  0%| F|  |TAMS 0x0000000710f00000, 0x0000000710f00000| Untracked 
| 210|0x0000000711000000, 0x0000000711000000, 0x0000000711100000|  0%| F|  |TAMS 0x0000000711000000, 0x0000000711000000| Untracked 
| 211|0x0000000711100000, 0x0000000711100000, 0x0000000711200000|  0%| F|  |TAMS 0x0000000711100000, 0x0000000711100000| Untracked 
| 212|0x0000000711200000, 0x0000000711200000, 0x0000000711300000|  0%| F|  |TAMS 0x0000000711200000, 0x0000000711200000| Untracked 
| 213|0x0000000711300000, 0x0000000711300000, 0x0000000711400000|  0%| F|  |TAMS 0x0000000711300000, 0x0000000711300000| Untracked 
| 214|0x0000000711400000, 0x0000000711400000, 0x0000000711500000|  0%| F|  |TAMS 0x0000000711400000, 0x0000000711400000| Untracked 
| 215|0x0000000711500000, 0x0000000711500000, 0x0000000711600000|  0%| F|  |TAMS 0x0000000711500000, 0x0000000711500000| Untracked 
| 216|0x0000000711600000, 0x0000000711600000, 0x0000000711700000|  0%| F|  |TAMS 0x0000000711600000, 0x0000000711600000| Untracked 
| 217|0x0000000711700000, 0x0000000711700000, 0x0000000711800000|  0%| F|  |TAMS 0x0000000711700000, 0x0000000711700000| Untracked 
| 218|0x0000000711800000, 0x0000000711800000, 0x0000000711900000|  0%| F|  |TAMS 0x0000000711800000, 0x0000000711800000| Untracked 
| 219|0x0000000711900000, 0x0000000711900000, 0x0000000711a00000|  0%| F|  |TAMS 0x0000000711900000, 0x0000000711900000| Untracked 
| 220|0x0000000711a00000, 0x0000000711a00000, 0x0000000711b00000|  0%| F|  |TAMS 0x0000000711a00000, 0x0000000711a00000| Untracked 
| 221|0x0000000711b00000, 0x0000000711b00000, 0x0000000711c00000|  0%| F|  |TAMS 0x0000000711b00000, 0x0000000711b00000| Untracked 
| 222|0x0000000711c00000, 0x0000000711c00000, 0x0000000711d00000|  0%| F|  |TAMS 0x0000000711c00000, 0x0000000711c00000| Untracked 
| 223|0x0000000711d00000, 0x0000000711d00000, 0x0000000711e00000|  0%| F|  |TAMS 0x0000000711d00000, 0x0000000711d00000| Untracked 
| 224|0x0000000711e00000, 0x0000000711e00000, 0x0000000711f00000|  0%| F|  |TAMS 0x0000000711e00000, 0x0000000711e00000| Untracked 
| 225|0x0000000711f00000, 0x0000000711f00000, 0x0000000712000000|  0%| F|  |TAMS 0x0000000711f00000, 0x0000000711f00000| Untracked 
| 226|0x0000000712000000, 0x0000000712000000, 0x0000000712100000|  0%| F|  |TAMS 0x0000000712000000, 0x0000000712000000| Untracked 
| 227|0x0000000712100000, 0x0000000712100000, 0x0000000712200000|  0%| F|  |TAMS 0x0000000712100000, 0x0000000712100000| Untracked 
| 228|0x0000000712200000, 0x0000000712200000, 0x0000000712300000|  0%| F|  |TAMS 0x0000000712200000, 0x0000000712200000| Untracked 
| 229|0x0000000712300000, 0x0000000712300000, 0x0000000712400000|  0%| F|  |TAMS 0x0000000712300000, 0x0000000712300000| Untracked 
| 230|0x0000000712400000, 0x0000000712400000, 0x0000000712500000|  0%| F|  |TAMS 0x0000000712400000, 0x0000000712400000| Untracked 
| 231|0x0000000712500000, 0x0000000712500000, 0x0000000712600000|  0%| F|  |TAMS 0x0000000712500000, 0x0000000712500000| Untracked 
| 232|0x0000000712600000, 0x0000000712600000, 0x0000000712700000|  0%| F|  |TAMS 0x0000000712600000, 0x0000000712600000| Untracked 
| 233|0x0000000712700000, 0x0000000712700000, 0x0000000712800000|  0%| F|  |TAMS 0x0000000712700000, 0x0000000712700000| Untracked 
| 234|0x0000000712800000, 0x0000000712800000, 0x0000000712900000|  0%| F|  |TAMS 0x0000000712800000, 0x0000000712800000| Untracked 
| 235|0x0000000712900000, 0x0000000712900000, 0x0000000712a00000|  0%| F|  |TAMS 0x0000000712900000, 0x0000000712900000| Untracked 
| 236|0x0000000712a00000, 0x0000000712a00000, 0x0000000712b00000|  0%| F|  |TAMS 0x0000000712a00000, 0x0000000712a00000| Untracked 
| 237|0x0000000712b00000, 0x0000000712b00000, 0x0000000712c00000|  0%| F|  |TAMS 0x0000000712b00000, 0x0000000712b00000| Untracked 
| 238|0x0000000712c00000, 0x0000000712c00000, 0x0000000712d00000|  0%| F|  |TAMS 0x0000000712c00000, 0x0000000712c00000| Untracked 
| 239|0x0000000712d00000, 0x0000000712d00000, 0x0000000712e00000|  0%| F|  |TAMS 0x0000000712d00000, 0x0000000712d00000| Untracked 
| 240|0x0000000712e00000, 0x0000000712e00000, 0x0000000712f00000|  0%| F|  |TAMS 0x0000000712e00000, 0x0000000712e00000| Untracked 
| 241|0x0000000712f00000, 0x0000000712f00000, 0x0000000713000000|  0%| F|  |TAMS 0x0000000712f00000, 0x0000000712f00000| Untracked 
| 242|0x0000000713000000, 0x0000000713000000, 0x0000000713100000|  0%| F|  |TAMS 0x0000000713000000, 0x0000000713000000| Untracked 
| 243|0x0000000713100000, 0x0000000713200000, 0x0000000713200000|100%| E|  |TAMS 0x0000000713100000, 0x0000000713100000| Complete 
| 244|0x0000000713200000, 0x0000000713300000, 0x0000000713300000|100%| E|CS|TAMS 0x0000000713200000, 0x0000000713200000| Complete 
| 245|0x0000000713300000, 0x0000000713400000, 0x0000000713400000|100%| E|CS|TAMS 0x0000000713300000, 0x0000000713300000| Complete 
| 246|0x0000000713400000, 0x0000000713500000, 0x0000000713500000|100%| E|CS|TAMS 0x0000000713400000, 0x0000000713400000| Complete 
| 247|0x0000000713500000, 0x0000000713600000, 0x0000000713600000|100%| E|CS|TAMS 0x0000000713500000, 0x0000000713500000| Complete 
| 248|0x0000000713600000, 0x0000000713700000, 0x0000000713700000|100%| E|CS|TAMS 0x0000000713600000, 0x0000000713600000| Complete 
| 249|0x0000000713700000, 0x0000000713800000, 0x0000000713800000|100%| E|CS|TAMS 0x0000000713700000, 0x0000000713700000| Complete 
| 250|0x0000000713800000, 0x0000000713900000, 0x0000000713900000|100%| E|CS|TAMS 0x0000000713800000, 0x0000000713800000| Complete 
| 251|0x0000000713900000, 0x0000000713a00000, 0x0000000713a00000|100%| E|CS|TAMS 0x0000000713900000, 0x0000000713900000| Complete 
| 252|0x0000000713a00000, 0x0000000713b00000, 0x0000000713b00000|100%| E|CS|TAMS 0x0000000713a00000, 0x0000000713a00000| Complete 
| 253|0x0000000713b00000, 0x0000000713c00000, 0x0000000713c00000|100%| E|CS|TAMS 0x0000000713b00000, 0x0000000713b00000| Complete 

Card table byte_map: [0x00000261cd400000,0x00000261cdbf0000] _byte_map_base: 0x00000261c9be1000

Marking Bits (Prev, Next): (CMBitMap*) 0x00000261b564d620, (CMBitMap*) 0x00000261b564d5e8
 Prev Bits: [0x00000261d22f0000, 0x00000261d61f8000)
 Next Bits: [0x00000261ce3e0000, 0x00000261d22e8000)

Polling page: 0x00000261b4d60000

Metaspace:

Usage:
  Non-class:     19.31 MB capacity,    18.85 MB ( 98%) used,   389.96 KB (  2%) free+waste,    79.06 KB ( <1%) overhead. 
      Class:      2.70 MB capacity,     2.42 MB ( 90%) used,   248.07 KB (  9%) free+waste,    39.94 KB (  1%) overhead. 
       Both:     22.01 MB capacity,    21.27 MB ( 97%) used,   638.03 KB (  3%) free+waste,   119.00 KB ( <1%) overhead. 

Virtual space:
  Non-class space:       20.00 MB reserved,      19.50 MB ( 98%) committed 
      Class space:        1.00 GB reserved,       2.75 MB ( <1%) committed 
             Both:        1.02 GB reserved,      22.25 MB (  2%) committed 

Chunk freelists:
   Non-Class:  512 bytes
       Class:  0 bytes
        Both:  512 bytes

CodeHeap 'non-profiled nmethods': size=120000Kb used=745Kb max_used=745Kb free=119254Kb
 bounds [0x00000261c53b0000, 0x00000261c5620000, 0x00000261cc8e0000]
CodeHeap 'profiled nmethods': size=120000Kb used=3666Kb max_used=3666Kb free=116333Kb
 bounds [0x00000261bde80000, 0x00000261be220000, 0x00000261c53b0000]
CodeHeap 'non-nmethods': size=5760Kb used=1118Kb max_used=1135Kb free=4641Kb
 bounds [0x00000261bd8e0000, 0x00000261bdb50000, 0x00000261bde80000]
 total_blobs=2586 nmethods=1763 adapters=343
 compilation: enabled
              stopped_count=0, restarted_count=0
 full_count=0

Compilation events (10 events):
Event: 0.785 Thread 0x00000261d9699000 1698       3       java.lang.invoke.LambdaFormEditor$Transform::<init> (17 bytes)
Event: 0.785 Thread 0x00000261d9699000 nmethod 1698 0x00000261be1eb510 code [0x00000261be1eb700, 0x00000261be1ebb58]
Event: 0.785 Thread 0x00000261d9699000 1699       3       java.util.ImmutableCollections$List12::size (13 bytes)
Event: 0.785 Thread 0x00000261d9699000 nmethod 1699 0x00000261be1ebc90 code [0x00000261be1ebe40, 0x00000261be1ec018]
Event: 0.785 Thread 0x00000261d9699000 1702       3       java.lang.invoke.LambdaFormEditor::getInCache (186 bytes)
Event: 0.786 Thread 0x00000261d9699000 nmethod 1702 0x00000261be1ec090 code [0x00000261be1ec320, 0x00000261be1ed3b0]
Event: 0.786 Thread 0x00000261d9699000 1700       3       java.lang.invoke.LambdaFormEditor$Transform::inRange (36 bytes)
Event: 0.786 Thread 0x00000261d9699000 nmethod 1700 0x00000261be1ed710 code [0x00000261be1ed8c0, 0x00000261be1eda78]
Event: 0.786 Thread 0x00000261d9699000 1701       3       java.lang.invoke.LambdaFormEditor$Transform::<init> (28 bytes)
Event: 0.786 Thread 0x00000261d9699000 nmethod 1701 0x00000261be1edb10 code [0x00000261be1edce0, 0x00000261be1ee030]

GC Heap History (4 events):
Event: 0.392 GC heap before
{Heap before GC invocations=0 (full 0):
 garbage-first heap   total 260096K, used 25600K [0x0000000703e00000, 0x0000000800000000)
  region size 1024K, 24 young (24576K), 0 survivors (0K)
 Metaspace       used 11088K, capacity 11511K, committed 11776K, reserved 1060864K
  class space    used 1124K, capacity 1247K, committed 1280K, reserved 1048576K
}
Event: 0.395 GC heap after
{Heap after GC invocations=1 (full 0):
 garbage-first heap   total 260096K, used 7731K [0x0000000703e00000, 0x0000000800000000)
  region size 1024K, 3 young (3072K), 3 survivors (3072K)
 Metaspace       used 11088K, capacity 11511K, committed 11776K, reserved 1060864K
  class space    used 1124K, capacity 1247K, committed 1280K, reserved 1048576K
}
Event: 0.743 GC heap before
{Heap before GC invocations=1 (full 0):
 garbage-first heap   total 260096K, used 59955K [0x0000000703e00000, 0x0000000800000000)
  region size 1024K, 55 young (56320K), 3 survivors (3072K)
 Metaspace       used 20540K, capacity 21177K, committed 21248K, reserved 1069056K
  class space    used 2283K, capacity 2543K, committed 2560K, reserved 1048576K
}
Event: 0.747 GC heap after
{Heap after GC invocations=2 (full 0):
 garbage-first heap   total 260096K, used 10626K [0x0000000703e00000, 0x0000000800000000)
  region size 1024K, 6 young (6144K), 6 survivors (6144K)
 Metaspace       used 20540K, capacity 21177K, committed 21248K, reserved 1069056K
  class space    used 2283K, capacity 2543K, committed 2560K, reserved 1048576K
}

Deoptimization events (10 events):
Event: 0.530 Thread 0x00000261b55eb800 Uncommon trap: reason=unstable_if action=reinterpret pc=0x00000261c53c9490 method=java.lang.AbstractStringBuilder.isLatin1()Z @ 10 c2
Event: 0.544 Thread 0x00000261b55eb800 Uncommon trap: reason=unstable_if action=reinterpret pc=0x00000261c5437ae8 method=java.util.concurrent.ConcurrentHashMap.putVal(Ljava/lang/Object;Ljava/lang/Object;Z)Ljava/lang/Object; @ 148 c2
Event: 0.571 Thread 0x00000261b55eb800 Uncommon trap: reason=class_check action=maybe_recompile pc=0x00000261c53bc7e8 method=java.lang.String.equals(Ljava/lang/Object;)Z @ 8 c2
Event: 0.572 Thread 0x00000261b55eb800 Uncommon trap: reason=class_check action=maybe_recompile pc=0x00000261c53bc7e8 method=java.lang.String.equals(Ljava/lang/Object;)Z @ 8 c2
Event: 0.572 Thread 0x00000261b55eb800 Uncommon trap: reason=class_check action=maybe_recompile pc=0x00000261c53bc7e8 method=java.lang.String.equals(Ljava/lang/Object;)Z @ 8 c2
Event: 0.574 Thread 0x00000261b55eb800 Uncommon trap: reason=class_check action=maybe_recompile pc=0x00000261c53bc7e8 method=java.lang.String.equals(Ljava/lang/Object;)Z @ 8 c2
Event: 0.631 Thread 0x00000261b55eb800 Uncommon trap: reason=unstable_if action=reinterpret pc=0x00000261c53e28f0 method=java.util.zip.ZipFile$Source.getEntryPos([BZ)I @ 156 c2
Event: 0.650 Thread 0x00000261b55eb800 Uncommon trap: reason=unstable_if action=reinterpret pc=0x00000261c54237b0 method=java.util.HashMap.hash(Ljava/lang/Object;)I @ 1 c2
Event: 0.682 Thread 0x00000261b55eb800 Uncommon trap: reason=unstable_if action=reinterpret pc=0x00000261c53f2c54 method=sun.reflect.generics.parser.SignatureParser.current()C @ 39 c2
Event: 0.729 Thread 0x00000261b55eb800 Uncommon trap: reason=unstable_if action=reinterpret pc=0x00000261c545fa4c method=java.util.jar.Manifest$FastInputStream.readLine([BII)I @ 90 c2

Classes redefined (0 events):
No events

Internal exceptions (10 events):
Event: 0.476 Thread 0x00000261b55eb800 Exception <a 'java/lang/NoSuchMethodError'{0x0000000713084ea8}: java.lang.invoke.DirectMethodHandle$Holder.invokeStatic(Ljava/lang/Object;Ljava/lang/Object;Ljava/lang/Object;Ljava/lang/Object;I)Ljava/lang/Object;> (0x0000000713084ea8) thrown at [c:/sb/pro
Event: 0.563 Thread 0x00000261b55eb800 Exception <a 'java/lang/NoSuchMethodError'{0x00000007120b6ed0}: java.lang.invoke.DirectMethodHandle$Holder.invokeStaticInit(Ljava/lang/Object;Ljava/lang/Object;Ljava/lang/Object;)I> (0x00000007120b6ed0) thrown at [c:/sb/prod/1680893669/workspace/open/src/
Event: 0.573 Thread 0x00000261b55eb800 Exception <a 'java/lang/NoSuchMethodError'{0x0000000711e5d1c0}: java.lang.invoke.DirectMethodHandle$Holder.invokeInterface(Ljava/lang/Object;Ljava/lang/Object;)I> (0x0000000711e5d1c0) thrown at [c:/sb/prod/1680893669/workspace/open/src/hotspot/share/inter
Event: 0.586 Thread 0x00000261b55eb800 Exception <a 'java/lang/NoSuchMethodError'{0x0000000711c37be8}: org.slf4j.impl.StaticMDCBinder.getSingleton()Lorg/slf4j/impl/StaticMDCBinder;> (0x0000000711c37be8) thrown at [c:/sb/prod/1680893669/workspace/open/src/hotspot/share/interpreter/linkResolver.
Event: 0.614 Thread 0x00000261b55eb800 Exception <a 'java/lang/NoSuchMethodError'{0x000000071181d4f0}: java.lang.invoke.DirectMethodHandle$Holder.invokeStatic(Ljava/lang/Object;Ljava/lang/Object;Ljava/lang/Object;Ljava/lang/Object;Ljava/lang/Object;)V> (0x000000071181d4f0) thrown at [c:/sb/pro
Event: 0.650 Thread 0x00000261b55eb800 Implicit null exception at 0x00000261c5422981 to 0x00000261c5423796
Event: 0.668 Thread 0x00000261b55eb800 Exception <a 'java/lang/NoSuchMethodError'{0x00000007112b5d50}: java.lang.invoke.DirectMethodHandle$Holder.invokeVirtual(Ljava/lang/Object;Ljava/lang/Object;Ljava/lang/Object;Ljava/lang/Object;)V> (0x00000007112b5d50) thrown at [c:/sb/prod/1680893669/work
Event: 0.738 Thread 0x00000261b55eb800 Exception <a 'java/lang/NoSuchMethodError'{0x00000007106e7060}: java.lang.invoke.Invokers$Holder.linkToTargetMethod(Ljava/lang/Object;Ljava/lang/Object;Ljava/lang/Object;Ljava/lang/Object;Ljava/lang/Object;Ljava/lang/Object;Ljava/lang/Object;)Ljava/lang/O
Event: 0.738 Thread 0x00000261b55eb800 Exception <a 'java/lang/NoSuchMethodError'{0x00000007106ecd70}: java.lang.invoke.DirectMethodHandle$Holder.invokeInterface(Ljava/lang/Object;Ljava/lang/Object;Ljava/lang/Object;Ljava/lang/Object;Ljava/lang/Object;)Ljava/lang/Object;> (0x00000007106ecd70) 
Event: 0.738 Thread 0x00000261b55eb800 Exception <a 'java/lang/IncompatibleClassChangeError'{0x00000007106f04c8}: Found class java.lang.Object, but interface was expected> (0x00000007106f04c8) thrown at [c:/sb/prod/1680893669/workspace/open/src/hotspot/share/interpreter/linkResolver.cpp, line 

Events (10 events):
Event: 0.786 loading class org/springframework/boot/SpringApplication$1
Event: 0.786 loading class org/springframework/boot/SpringApplication$1 done
Event: 0.786 loading class org/springframework/boot/ApplicationServletEnvironment
Event: 0.786 loading class org/springframework/boot/ApplicationServletEnvironment done
Event: 0.787 loading class org/springframework/web/context/support/StandardServletEnvironment
Event: 0.787 loading class org/springframework/web/context/support/StandardServletEnvironment done
Event: 0.787 loading class org/springframework/web/context/ConfigurableWebEnvironment
Event: 0.787 loading class org/springframework/web/context/ConfigurableWebEnvironment done
Event: 0.787 loading class org/springframework/jndi/JndiPropertySource
Event: 0.787 loading class org/springframework/jndi/JndiPropertySource done


Dynamic libraries:
0x00007ff71e5f0000 - 0x00007ff71e635000 	D:\Java Kit Development\jdk-11.0.0.1\bin\java.exe
0x00007ff897510000 - 0x00007ff897724000 	C:\WINDOWS\SYSTEM32\ntdll.dll
0x00007ff895420000 - 0x00007ff8954e4000 	C:\WINDOWS\System32\KERNEL32.DLL
0x00007ff894bf0000 - 0x00007ff894f94000 	C:\WINDOWS\System32\KERNELBASE.dll
0x00007ff8956d0000 - 0x00007ff89587a000 	C:\WINDOWS\System32\USER32.dll
0x00007ff8950c0000 - 0x00007ff8950e6000 	C:\WINDOWS\System32\win32u.dll
0x00007ff8955a0000 - 0x00007ff8955c9000 	C:\WINDOWS\System32\GDI32.dll
0x00007ff894990000 - 0x00007ff894aa9000 	C:\WINDOWS\System32\gdi32full.dll
0x00007ff8948f0000 - 0x00007ff89498a000 	C:\WINDOWS\System32\msvcp_win.dll
0x00007ff894fa0000 - 0x00007ff8950b1000 	C:\WINDOWS\System32\ucrtbase.dll
0x00007ff86c160000 - 0x00007ff86c3ef000 	C:\WINDOWS\WinSxS\amd64_microsoft.windows.common-controls_6595b64144ccf1df_6.0.22621.2070_none_2713e6537381f706\COMCTL32.dll
0x00007ff896910000 - 0x00007ff8969b7000 	C:\WINDOWS\System32\msvcrt.dll
0x00007ff895350000 - 0x00007ff895381000 	C:\WINDOWS\System32\IMM32.DLL
0x00007ff88d520000 - 0x00007ff88d536000 	D:\Java Kit Development\jdk-11.0.0.1\bin\vcruntime140.dll
0x00007ff879aa0000 - 0x00007ff879b4a000 	D:\Java Kit Development\jdk-11.0.0.1\bin\msvcp140.dll
0x00007ff820210000 - 0x00007ff820d53000 	D:\Java Kit Development\jdk-11.0.0.1\bin\server\jvm.dll
0x00007ff896250000 - 0x00007ff896300000 	C:\WINDOWS\System32\ADVAPI32.dll
0x00007ff8954f0000 - 0x00007ff895596000 	C:\WINDOWS\System32\sechost.dll
0x00007ff896ac0000 - 0x00007ff896bd7000 	C:\WINDOWS\System32\RPCRT4.dll
0x00007ff895410000 - 0x00007ff895418000 	C:\WINDOWS\System32\PSAPI.DLL
0x00007ff88ab50000 - 0x00007ff88ab5a000 	C:\WINDOWS\SYSTEM32\VERSION.dll
0x00007ff86e480000 - 0x00007ff86e489000 	C:\WINDOWS\SYSTEM32\WSOCK32.dll
0x00007ff88d330000 - 0x00007ff88d364000 	C:\WINDOWS\SYSTEM32\WINMM.dll
0x00007ff895390000 - 0x00007ff895401000 	C:\WINDOWS\System32\WS2_32.dll
0x00007ff893990000 - 0x00007ff8939a8000 	C:\WINDOWS\SYSTEM32\kernel.appcore.dll
0x00007ff8888d0000 - 0x00007ff8888e1000 	D:\Java Kit Development\jdk-11.0.0.1\bin\verify.dll
0x00007ff8921c0000 - 0x00007ff8923ee000 	C:\WINDOWS\SYSTEM32\DBGHELP.DLL
0x00007ff896530000 - 0x00007ff8968ba000 	C:\WINDOWS\System32\combase.dll
0x00007ff895f20000 - 0x00007ff895ff7000 	C:\WINDOWS\System32\OLEAUT32.dll
0x00007ff8817a0000 - 0x00007ff8817d2000 	C:\WINDOWS\SYSTEM32\dbgcore.DLL
0x00007ff894b70000 - 0x00007ff894bea000 	C:\WINDOWS\System32\bcryptPrimitives.dll
0x00007ff87ff60000 - 0x00007ff87ff88000 	D:\Java Kit Development\jdk-11.0.0.1\bin\java.dll
0x00007ff879ea0000 - 0x00007ff879ecf000 	D:\Java Kit Development\jdk-11.0.0.1\bin\instrument.dll
0x00007ff87ff20000 - 0x00007ff87ff36000 	D:\Java Kit Development\jdk-11.0.0.1\bin\zip.dll
0x00007ff890db0000 - 0x00007ff890dba000 	D:\Java Kit Development\jdk-11.0.0.1\bin\jimage.dll
0x00007ff896c90000 - 0x00007ff8974a6000 	C:\WINDOWS\System32\SHELL32.dll
0x00007ff892880000 - 0x00007ff89316a000 	C:\WINDOWS\SYSTEM32\windows.storage.dll
0x00007ff892740000 - 0x00007ff89287e000 	C:\WINDOWS\SYSTEM32\wintypes.dll
0x00007ff8969c0000 - 0x00007ff896ab3000 	C:\WINDOWS\System32\SHCORE.dll
0x00007ff896140000 - 0x00007ff89619e000 	C:\WINDOWS\System32\shlwapi.dll
0x00007ff894820000 - 0x00007ff894846000 	C:\WINDOWS\SYSTEM32\profapi.dll
0x00007ff87fb80000 - 0x00007ff87fb99000 	D:\Java Kit Development\jdk-11.0.0.1\bin\net.dll
0x00007ff88f1a0000 - 0x00007ff88f2d7000 	C:\WINDOWS\SYSTEM32\WINHTTP.dll
0x00007ff893e50000 - 0x00007ff893eb9000 	C:\WINDOWS\system32\mswsock.dll
0x00007ff879f80000 - 0x00007ff879f93000 	D:\Java Kit Development\jdk-11.0.0.1\bin\nio.dll
0x00007ff879f50000 - 0x00007ff879f6a000 	D:\Java Kit Development\intelliJ\IntelliJ IDEA Educational Edition 2022.2.2\bin\breakgen64.dll

dbghelp: loaded successfully - version: 4.0.5 - missing functions: none
symbol engine: initialized successfully - sym options: 0x614 - pdb path: .;D:\Java Kit Development\jdk-11.0.0.1\bin;C:\WINDOWS\SYSTEM32;C:\WINDOWS\WinSxS\amd64_microsoft.windows.common-controls_6595b64144ccf1df_6.0.22621.2070_none_2713e6537381f706;D:\Java Kit Development\jdk-11.0.0.1\bin\server;D:\Java Kit Development\intelliJ\IntelliJ IDEA Educational Edition 2022.2.2\bin

VM Arguments:
jvm_args: -ea -Didea.test.cyclic.buffer.size=1048576 -javaagent:D:\Java Kit Development\intelliJ\IntelliJ IDEA Educational Edition 2022.2.2\lib\idea_rt.jar=57836:D:\Java Kit Development\intelliJ\IntelliJ IDEA Educational Edition 2022.2.2\bin -Dfile.encoding=UTF-8 
java_command: com.intellij.rt.junit.JUnitStarter -ideVersion5 -junit5 com.africanb.africanb.utilities.DocumentUtilsTests,testCompareFileSizeToLimitSize
java_class_path (initial): C:\Users\Utilisateur\.m2\repository\org\junit\platform\junit-platform-launcher\1.8.2\junit-platform-launcher-1.8.2.jar;D:\Java Kit Development\intelliJ\IntelliJ IDEA Educational Edition 2022.2.2\lib\idea_rt.jar;D:\Java Kit Development\intelliJ\IntelliJ IDEA Educational Edition 2022.2.2\plugins\junit\lib\junit5-rt.jar;D:\Java Kit Development\intelliJ\IntelliJ IDEA Educational Edition 2022.2.2\plugins\junit\lib\junit-rt.jar;D:\Projects SpringBoot\africanb\target\test-classes;D:\Projects SpringBoot\africanb\target\classes;C:\Users\Utilisateur\.m2\repository\org\springframework\boot\spring-boot-starter-data-jpa\2.7.5\spring-boot-starter-data-jpa-2.7.5.jar;C:\Users\Utilisateur\.m2\repository\org\springframework\boot\spring-boot-starter-aop\2.7.5\spring-boot-starter-aop-2.7.5.jar;C:\Users\Utilisateur\.m2\repository\org\springframework\spring-aop\5.3.23\spring-aop-5.3.23.jar;C:\Users\Utilisateur\.m2\repository\org\aspectj\aspectjweaver\1.9.7\aspectjweaver-1.9.7.jar;C:\Users\Utilisateur\.m2\repository\org\springframework\boot\spring-boot-starter-jdbc\2.7.5\spring-boot-starter-jdbc-2.7.5.jar;C:\Users\Utilisateur\.m2\repository\com\zaxxer\HikariCP\4.0.3\HikariCP-4.0.3.jar;C:\Users\Utilisateur\.m2\repository\org\springframework\spring-jdbc\5.3.23\spring-jdbc-5.3.23.jar;C:\Users\Utilisateur\.m2\repository\jakarta\transaction\jakarta.transaction-api\1.3.3\jakarta.transaction-api-1.3.3.jar;C:\Users\Utilisateur\.m2\repository\jakarta\persistence\jakarta.persistence-api\2.2.3\jakarta.persistence-api-2.2.3.jar;C:\Users\Utilisateur\.m2\repository\org\hibernate\hibernate-core\5.6.12.Final\hibernate-core-5.6.12.Final.jar;C:\Users\Utilisateur\.m2\repository\org\jboss\logging\jboss-logging\3.4.3.Final\jboss-logging-3.4.3.Final.jar;C:\Users\Utilisateur\.m2\repository\net\bytebuddy\byte-buddy\1.12.18\byte-buddy-1.12.18.jar;C:\Users\Utilisateur\.m2\repository\antlr\antlr\2.7.7\antlr-2.7.7.jar;C:\Users\Utilisateur\.m2\repository\org\jboss\jandex\2.4.2.Final\jande
Launcher Type: SUN_STANDARD

[Global flags]
     intx CICompilerCount                          = 4                                         {product} {ergonomic}
     uint ConcGCThreads                            = 2                                         {product} {ergonomic}
     uint G1ConcRefinementThreads                  = 8                                         {product} {ergonomic}
   size_t G1HeapRegionSize                         = 1048576                                   {product} {ergonomic}
    uintx GCDrainStackTargetSize                   = 64                                        {product} {ergonomic}
   size_t InitialHeapSize                          = 266338304                                 {product} {ergonomic}
   size_t MarkStackSize                            = 4194304                                   {product} {ergonomic}
   size_t MaxHeapSize                              = 4229955584                                {product} {ergonomic}
   size_t MaxNewSize                               = 2537553920                                {product} {ergonomic}
   size_t MinHeapDeltaBytes                        = 1048576                                   {product} {ergonomic}
    uintx NonNMethodCodeHeapSize                   = 5835340                                {pd product} {ergonomic}
    uintx NonProfiledCodeHeapSize                  = 122911450                              {pd product} {ergonomic}
    uintx ProfiledCodeHeapSize                     = 122911450                              {pd product} {ergonomic}
    uintx ReservedCodeCacheSize                    = 251658240                              {pd product} {ergonomic}
     bool SegmentedCodeCache                       = true                                      {product} {ergonomic}
     bool UseCompressedClassPointers               = true                                 {lp64_product} {ergonomic}
     bool UseCompressedOops                        = true                                 {lp64_product} {ergonomic}
     bool UseG1GC                                  = true                                      {product} {ergonomic}
     bool UseLargePagesIndividualAllocation        = false                                  {pd product} {ergonomic}

Logging:
Log output configuration:
 #0: stdout all=warning uptime,level,tags
 #1: stderr all=off uptime,level,tags

Environment Variables:
JAVA_HOME=D:\Java Kit Development\jdk-11.0.0.1
PATH=C:\WINDOWS\system32;C:\WINDOWS;C:\WINDOWS\System32\Wbem;C:\WINDOWS\System32\WindowsPowerShell\v1.0\;C:\WINDOWS\System32\OpenSSH\;D:\Java Kit Development\Git\Git\cmd;C:\Program Files\Docker\Docker\resources\bin;C:\Users\Utilisateur\AppData\Local\Microsoft\WindowsApps;D:\Java Kit Development\jdk-11.0.0.1\bin;D:\Java Kit Development\apache-maven-3.9.2\bin;
USERNAME=Utilisateur
OS=Windows_NT
PROCESSOR_IDENTIFIER=Intel64 Family 6 Model 140 Stepping 2, GenuineIntel



---------------  S Y S T E M  ---------------

OS: Windows 10 , 64 bit Build 22621 (10.0.22621.2070)

CPU:total 8 (initial active 8) (4 cores per cpu, 2 threads per core) family 6 model 140 stepping 2, cmov, cx8, fxsr, mmx, sse, sse2, sse3, ssse3, sse4.1, sse4.2, popcnt, avx, avx2, aes, clmul, erms, 3dnowpref, lzcnt, ht, tsc, tscinvbit, bmi1, bmi2, adx, sha, fma

Memory: 4k page, system-wide physical 16133M (4846M free)
TotalPageFile size 35870M (AvailPageFile size 6464M)
current process WorkingSet (physical memory assigned to process): 149M, peak: 149M
current process commit charge ("private bytes"): 381M, peak: 381M

vm_info: OpenJDK 64-Bit Server VM (11.0.0.1+3-5) for windows-amd64 JRE (11.0.0.1+3-5), built on Apr  7 2023 19:59:13 by "mach5one" with MS VC++ 15.5 (VS2017)

END.
